<?xml version="1.0" encoding="UTF-8"?>
<!-- Generated by org.testng.reporters.JUnitReportReporter -->
<testsuite hostname="DESKTOP-TIGA71I" failures="0" tests="1" name="seleniumDemo.Sample" time="0.010" errors="0" timestamp="2025-05-02T16:03:50 IST" skipped="0">
  <testcase classname="seleniumDemo.Sample" name="demo" time="0.010">
    <system-out>
      <![CDATA[sample class executed]]>
    </system-out>
  </testcase> <!-- demo -->
  <system-out>
    <![CDATA[sample class executed]]>
  </system-out>
</testsuite> <!-- seleniumDemo.Sample -->
